  applicationclass.cpp
C:\Program Files (x86)\Microsoft DirectX SDK (June 2010)\Include\dxgitype.h(12,1): warning C4005: "DXGI_STATUS_OCCLUDED": ponowna definicja makra
C:\Program Files (x86)\Windows Kits\8.1\Include\shared\winerror.h(50092): message : zobacz poprzednią definicję „DXGI_STATUS_OCCLUDED”
C:\Program Files (x86)\Microsoft DirectX SDK (June 2010)\Include\dxgitype.h(13,1): warning C4005: "DXGI_STATUS_CLIPPED": ponowna definicja makra
C:\Program Files (x86)\Windows Kits\8.1\Include\shared\winerror.h(50101): message : zobacz poprzednią definicję „DXGI_STATUS_CLIPPED”
C:\Program Files (x86)\Microsoft DirectX SDK (June 2010)\Include\dxgitype.h(14,1): warning C4005: "DXGI_STATUS_NO_REDIRECTION": ponowna definicja makra
C:\Program Files (x86)\Windows Kits\8.1\Include\shared\winerror.h(50110): message : zobacz poprzednią definicję „DXGI_STATUS_NO_REDIRECTION”
C:\Program Files (x86)\Microsoft DirectX SDK (June 2010)\Include\dxgitype.h(15,1): warning C4005: "DXGI_STATUS_NO_DESKTOP_ACCESS": ponowna definicja makra
C:\Program Files (x86)\Windows Kits\8.1\Include\shared\winerror.h(50119): message : zobacz poprzednią definicję „DXGI_STATUS_NO_DESKTOP_ACCESS”
C:\Program Files (x86)\Microsoft DirectX SDK (June 2010)\Include\dxgitype.h(16,1): warning C4005: "DXGI_STATUS_GRAPHICS_VIDPN_SOURCE_IN_USE": ponowna definicja makra
C:\Program Files (x86)\Windows Kits\8.1\Include\shared\winerror.h(50128): message : zobacz poprzednią definicję „DXGI_STATUS_GRAPHICS_VIDPN_SOURCE_IN_USE”
C:\Program Files (x86)\Microsoft DirectX SDK (June 2010)\Include\dxgitype.h(17,1): warning C4005: "DXGI_STATUS_MODE_CHANGED": ponowna definicja makra
C:\Program Files (x86)\Windows Kits\8.1\Include\shared\winerror.h(50137): message : zobacz poprzednią definicję „DXGI_STATUS_MODE_CHANGED”
C:\Program Files (x86)\Microsoft DirectX SDK (June 2010)\Include\dxgitype.h(18,1): warning C4005: "DXGI_STATUS_MODE_CHANGE_IN_PROGRESS": ponowna definicja makra
C:\Program Files (x86)\Windows Kits\8.1\Include\shared\winerror.h(50146): message : zobacz poprzednią definicję „DXGI_STATUS_MODE_CHANGE_IN_PROGRESS”
C:\Program Files (x86)\Microsoft DirectX SDK (June 2010)\Include\dxgitype.h(21,1): warning C4005: "DXGI_ERROR_INVALID_CALL": ponowna definicja makra
C:\Program Files (x86)\Windows Kits\8.1\Include\shared\winerror.h(50161): message : zobacz poprzednią definicję „DXGI_ERROR_INVALID_CALL”
C:\Program Files (x86)\Microsoft DirectX SDK (June 2010)\Include\dxgitype.h(22,1): warning C4005: "DXGI_ERROR_NOT_FOUND": ponowna definicja makra
C:\Program Files (x86)\Windows Kits\8.1\Include\shared\winerror.h(50170): message : zobacz poprzednią definicję „DXGI_ERROR_NOT_FOUND”
C:\Program Files (x86)\Microsoft DirectX SDK (June 2010)\Include\dxgitype.h(23,1): warning C4005: "DXGI_ERROR_MORE_DATA": ponowna definicja makra
C:\Program Files (x86)\Windows Kits\8.1\Include\shared\winerror.h(50179): message : zobacz poprzednią definicję „DXGI_ERROR_MORE_DATA”
C:\Program Files (x86)\Microsoft DirectX SDK (June 2010)\Include\dxgitype.h(24,1): warning C4005: "DXGI_ERROR_UNSUPPORTED": ponowna definicja makra
C:\Program Files (x86)\Windows Kits\8.1\Include\shared\winerror.h(50188): message : zobacz poprzednią definicję „DXGI_ERROR_UNSUPPORTED”
C:\Program Files (x86)\Microsoft DirectX SDK (June 2010)\Include\dxgitype.h(25,1): warning C4005: "DXGI_ERROR_DEVICE_REMOVED": ponowna definicja makra
C:\Program Files (x86)\Windows Kits\8.1\Include\shared\winerror.h(50197): message : zobacz poprzednią definicję „DXGI_ERROR_DEVICE_REMOVED”
C:\Program Files (x86)\Microsoft DirectX SDK (June 2010)\Include\dxgitype.h(26,1): warning C4005: "DXGI_ERROR_DEVICE_HUNG": ponowna definicja makra
C:\Program Files (x86)\Windows Kits\8.1\Include\shared\winerror.h(50206): message : zobacz poprzednią definicję „DXGI_ERROR_DEVICE_HUNG”
C:\Program Files (x86)\Microsoft DirectX SDK (June 2010)\Include\dxgitype.h(27,1): warning C4005: "DXGI_ERROR_DEVICE_RESET": ponowna definicja makra
C:\Program Files (x86)\Windows Kits\8.1\Include\shared\winerror.h(50216): message : zobacz poprzednią definicję „DXGI_ERROR_DEVICE_RESET”
C:\Program Files (x86)\Microsoft DirectX SDK (June 2010)\Include\dxgitype.h(28,1): warning C4005: "DXGI_ERROR_WAS_STILL_DRAWING": ponowna definicja makra
C:\Program Files (x86)\Windows Kits\8.1\Include\shared\winerror.h(50225): message : zobacz poprzednią definicję „DXGI_ERROR_WAS_STILL_DRAWING”
C:\Program Files (x86)\Microsoft DirectX SDK (June 2010)\Include\dxgitype.h(29,1): warning C4005: "DXGI_ERROR_FRAME_STATISTICS_DISJOINT": ponowna definicja makra
C:\Program Files (x86)\Windows Kits\8.1\Include\shared\winerror.h(50235): message : zobacz poprzednią definicję „DXGI_ERROR_FRAME_STATISTICS_DISJOINT”
C:\Program Files (x86)\Microsoft DirectX SDK (June 2010)\Include\dxgitype.h(30,1): warning C4005: "DXGI_ERROR_GRAPHICS_VIDPN_SOURCE_IN_USE": ponowna definicja makra
C:\Program Files (x86)\Windows Kits\8.1\Include\shared\winerror.h(50244): message : zobacz poprzednią definicję „DXGI_ERROR_GRAPHICS_VIDPN_SOURCE_IN_USE”
C:\Program Files (x86)\Microsoft DirectX SDK (June 2010)\Include\dxgitype.h(31,1): warning C4005: "DXGI_ERROR_DRIVER_INTERNAL_ERROR": ponowna definicja makra
C:\Program Files (x86)\Windows Kits\8.1\Include\shared\winerror.h(50254): message : zobacz poprzednią definicję „DXGI_ERROR_DRIVER_INTERNAL_ERROR”
C:\Program Files (x86)\Microsoft DirectX SDK (June 2010)\Include\dxgitype.h(32,1): warning C4005: "DXGI_ERROR_NONEXCLUSIVE": ponowna definicja makra
C:\Program Files (x86)\Windows Kits\8.1\Include\shared\winerror.h(50263): message : zobacz poprzednią definicję „DXGI_ERROR_NONEXCLUSIVE”
C:\Program Files (x86)\Microsoft DirectX SDK (June 2010)\Include\dxgitype.h(33,1): warning C4005: "DXGI_ERROR_NOT_CURRENTLY_AVAILABLE": ponowna definicja makra
C:\Program Files (x86)\Windows Kits\8.1\Include\shared\winerror.h(50272): message : zobacz poprzednią definicję „DXGI_ERROR_NOT_CURRENTLY_AVAILABLE”
C:\Program Files (x86)\Microsoft DirectX SDK (June 2010)\Include\dxgitype.h(34,1): warning C4005: "DXGI_ERROR_REMOTE_CLIENT_DISCONNECTED": ponowna definicja makra
C:\Program Files (x86)\Windows Kits\8.1\Include\shared\winerror.h(50282): message : zobacz poprzednią definicję „DXGI_ERROR_REMOTE_CLIENT_DISCONNECTED”
C:\Program Files (x86)\Microsoft DirectX SDK (June 2010)\Include\dxgitype.h(35,1): warning C4005: "DXGI_ERROR_REMOTE_OUTOFMEMORY": ponowna definicja makra
C:\Program Files (x86)\Windows Kits\8.1\Include\shared\winerror.h(50291): message : zobacz poprzednią definicję „DXGI_ERROR_REMOTE_OUTOFMEMORY”
C:\Program Files (x86)\Microsoft DirectX SDK (June 2010)\Include\d3d11.h(917,1): warning C4005: "D3D11_ERROR_TOO_MANY_UNIQUE_STATE_OBJECTS": ponowna definicja makra
C:\Program Files (x86)\Windows Kits\8.1\Include\shared\winerror.h(50469): message : zobacz poprzednią definicję „D3D11_ERROR_TOO_MANY_UNIQUE_STATE_OBJECTS”
C:\Program Files (x86)\Microsoft DirectX SDK (June 2010)\Include\d3d11.h(918,1): warning C4005: "D3D11_ERROR_FILE_NOT_FOUND": ponowna definicja makra
C:\Program Files (x86)\Windows Kits\8.1\Include\shared\winerror.h(50478): message : zobacz poprzednią definicję „D3D11_ERROR_FILE_NOT_FOUND”
C:\Program Files (x86)\Microsoft DirectX SDK (June 2010)\Include\d3d11.h(919,1): warning C4005: "D3D11_ERROR_TOO_MANY_UNIQUE_VIEW_OBJECTS": ponowna definicja makra
C:\Program Files (x86)\Windows Kits\8.1\Include\shared\winerror.h(50488): message : zobacz poprzednią definicję „D3D11_ERROR_TOO_MANY_UNIQUE_VIEW_OBJECTS”
C:\Program Files (x86)\Microsoft DirectX SDK (June 2010)\Include\d3d11.h(920,1): warning C4005: "D3D11_ERROR_DEFERRED_CONTEXT_MAP_WITHOUT_INITIAL_DISCARD": ponowna definicja makra
C:\Program Files (x86)\Windows Kits\8.1\Include\shared\winerror.h(50497): message : zobacz poprzednią definicję „D3D11_ERROR_DEFERRED_CONTEXT_MAP_WITHOUT_INITIAL_DISCARD”
C:\Program Files (x86)\Microsoft DirectX SDK (June 2010)\Include\d3d10.h(608,1): warning C4005: "D3D10_ERROR_TOO_MANY_UNIQUE_STATE_OBJECTS": ponowna definicja makra
C:\Program Files (x86)\Windows Kits\8.1\Include\shared\winerror.h(50445): message : zobacz poprzednią definicję „D3D10_ERROR_TOO_MANY_UNIQUE_STATE_OBJECTS”
C:\Program Files (x86)\Microsoft DirectX SDK (June 2010)\Include\d3d10.h(609,1): warning C4005: "D3D10_ERROR_FILE_NOT_FOUND": ponowna definicja makra
C:\Program Files (x86)\Windows Kits\8.1\Include\shared\winerror.h(50454): message : zobacz poprzednią definicję „D3D10_ERROR_FILE_NOT_FOUND”
C:\Users\User\Documents\Visual Studio 2015\Projects\Win32Project3\Win32Project3\applicationclass.cpp(253,53): warning C4305: "argument": obcięcie z "double" do "FLOAT"
C:\Users\User\Documents\Visual Studio 2015\Projects\Win32Project3\Win32Project3\applicationclass.cpp(264,59): warning C4305: "argument": obcięcie z "double" do "FLOAT"
C:\Users\User\Documents\Visual Studio 2015\Projects\Win32Project3\Win32Project3\applicationclass.cpp(266,60): warning C4305: "argument": obcięcie z "double" do "FLOAT"
C:\Users\User\Documents\Visual Studio 2015\Projects\Win32Project3\Win32Project3\applicationclass.cpp(399,71): warning C4244: "argument": konwersja z "int" do "FLOAT", możliwa utrata danych
C:\Users\User\Documents\Visual Studio 2015\Projects\Win32Project3\Win32Project3\applicationclass.cpp(399,51): warning C4244: "argument": konwersja z "int" do "FLOAT", możliwa utrata danych
C:\Users\User\Documents\Visual Studio 2015\Projects\Win32Project3\Win32Project3\applicationclass.cpp(406,85): warning C4244: "argument": konwersja z "int" do "FLOAT", możliwa utrata danych
C:\Users\User\Documents\Visual Studio 2015\Projects\Win32Project3\Win32Project3\applicationclass.cpp(406,61): warning C4244: "argument": konwersja z "int" do "FLOAT", możliwa utrata danych
C:\Users\User\Documents\Visual Studio 2015\Projects\Win32Project3\Win32Project3\applicationclass.cpp(413,88): warning C4244: "argument": konwersja z "int" do "FLOAT", możliwa utrata danych
C:\Users\User\Documents\Visual Studio 2015\Projects\Win32Project3\Win32Project3\applicationclass.cpp(413,63): warning C4244: "argument": konwersja z "int" do "FLOAT", możliwa utrata danych
C:\Users\User\Documents\Visual Studio 2015\Projects\Win32Project3\Win32Project3\applicationclass.cpp(420,96): warning C4244: "argument": konwersja z "int" do "FLOAT", możliwa utrata danych
C:\Users\User\Documents\Visual Studio 2015\Projects\Win32Project3\Win32Project3\applicationclass.cpp(420,71): warning C4244: "argument": konwersja z "int" do "FLOAT", możliwa utrata danych
C:\Users\User\Documents\Visual Studio 2015\Projects\Win32Project3\Win32Project3\applicationclass.cpp(427,97): warning C4244: "argument": konwersja z "int" do "FLOAT", możliwa utrata danych
C:\Users\User\Documents\Visual Studio 2015\Projects\Win32Project3\Win32Project3\applicationclass.cpp(427,72): warning C4244: "argument": konwersja z "int" do "FLOAT", możliwa utrata danych
C:\Users\User\Documents\Visual Studio 2015\Projects\Win32Project3\Win32Project3\applicationclass.cpp(691,34): warning C4244: "argument": konwersja z "int" do "float", możliwa utrata danych
C:\Users\User\Documents\Visual Studio 2015\Projects\Win32Project3\Win32Project3\applicationclass.cpp(927,55): warning C4244: "argument": konwersja z "double" do "FLOAT", możliwa utrata danych
C:\Users\User\Documents\Visual Studio 2015\Projects\Win32Project3\Win32Project3\applicationclass.cpp(929,55): warning C4244: "argument": konwersja z "double" do "FLOAT", możliwa utrata danych
C:\Users\User\Documents\Visual Studio 2015\Projects\Win32Project3\Win32Project3\applicationclass.cpp(1125,45): warning C4244: "argument": konwersja z "double" do "FLOAT", możliwa utrata danych
C:\Users\User\Documents\Visual Studio 2015\Projects\Win32Project3\Win32Project3\applicationclass.cpp(1125,34): warning C4244: "argument": konwersja z "double" do "FLOAT", możliwa utrata danych
C:\Users\User\Documents\Visual Studio 2015\Projects\Win32Project3\Win32Project3\applicationclass.cpp(1126,44): warning C4244: "argument": konwersja z "double" do "FLOAT", możliwa utrata danych
C:\Users\User\Documents\Visual Studio 2015\Projects\Win32Project3\Win32Project3\applicationclass.cpp(1126,33): warning C4244: "argument": konwersja z "double" do "FLOAT", możliwa utrata danych
C:\Users\User\Documents\Visual Studio 2015\Projects\Win32Project3\Win32Project3\applicationclass.cpp(1145,38): warning C4244: "argument": konwersja z "double" do "FLOAT", możliwa utrata danych
C:\Users\User\Documents\Visual Studio 2015\Projects\Win32Project3\Win32Project3\applicationclass.cpp(1145,27): warning C4244: "argument": konwersja z "double" do "FLOAT", możliwa utrata danych
C:\Users\User\Documents\Visual Studio 2015\Projects\Win32Project3\Win32Project3\applicationclass.cpp(1146,38): warning C4244: "argument": konwersja z "double" do "FLOAT", możliwa utrata danych
C:\Users\User\Documents\Visual Studio 2015\Projects\Win32Project3\Win32Project3\applicationclass.cpp(1146,27): warning C4244: "argument": konwersja z "double" do "FLOAT", możliwa utrata danych
C:\Users\User\Documents\Visual Studio 2015\Projects\Win32Project3\Win32Project3\applicationclass.cpp(1163,45): warning C4244: "argument": konwersja z "double" do "FLOAT", możliwa utrata danych
C:\Users\User\Documents\Visual Studio 2015\Projects\Win32Project3\Win32Project3\applicationclass.cpp(1163,34): warning C4244: "argument": konwersja z "double" do "FLOAT", możliwa utrata danych
C:\Users\User\Documents\Visual Studio 2015\Projects\Win32Project3\Win32Project3\applicationclass.cpp(1164,44): warning C4244: "argument": konwersja z "double" do "FLOAT", możliwa utrata danych
C:\Users\User\Documents\Visual Studio 2015\Projects\Win32Project3\Win32Project3\applicationclass.cpp(1164,33): warning C4244: "argument": konwersja z "double" do "FLOAT", możliwa utrata danych
C:\Users\User\Documents\Visual Studio 2015\Projects\Win32Project3\Win32Project3\applicationclass.cpp(1181,38): warning C4244: "argument": konwersja z "double" do "FLOAT", możliwa utrata danych
C:\Users\User\Documents\Visual Studio 2015\Projects\Win32Project3\Win32Project3\applicationclass.cpp(1181,27): warning C4244: "argument": konwersja z "double" do "FLOAT", możliwa utrata danych
C:\Users\User\Documents\Visual Studio 2015\Projects\Win32Project3\Win32Project3\applicationclass.cpp(1182,38): warning C4244: "argument": konwersja z "double" do "FLOAT", możliwa utrata danych
C:\Users\User\Documents\Visual Studio 2015\Projects\Win32Project3\Win32Project3\applicationclass.cpp(1182,27): warning C4244: "argument": konwersja z "double" do "FLOAT", możliwa utrata danych
C:\Users\User\Documents\Visual Studio 2015\Projects\Win32Project3\Win32Project3\applicationclass.cpp(1252,97): warning C4244: "argument": konwersja z "int" do "FLOAT", możliwa utrata danych
C:\Users\User\Documents\Visual Studio 2015\Projects\Win32Project3\Win32Project3\applicationclass.cpp(1252,42): warning C4244: "argument": konwersja z "int" do "FLOAT", możliwa utrata danych
C:\Users\User\Documents\Visual Studio 2015\Projects\Win32Project3\Win32Project3\applicationclass.cpp(1270,80): warning C4244: "argument": konwersja z "int" do "float", możliwa utrata danych
C:\Users\User\Documents\Visual Studio 2015\Projects\Win32Project3\Win32Project3\applicationclass.cpp(1270,25): warning C4244: "argument": konwersja z "int" do "float", możliwa utrata danych
LINK : warning LNK4075: zignorowano opcję „/INCREMENTAL” z powodu określenia opcji „/FORCE”
button.obj : warning LNK4006: element IID_IMesh jest już zdefiniowany w elemencie applicationclass.obj; druga definicja została zignorowana
button.obj : warning LNK4006: element IID_IRemote jest już zdefiniowany w elemencie applicationclass.obj; druga definicja została zignorowana
button.obj : warning LNK4006: element IID_IDummy jest już zdefiniowany w elemencie applicationclass.obj; druga definicja została zignorowana
button.obj : warning LNK4006: element LIBID_ComServerWP3Lib jest już zdefiniowany w elemencie applicationclass.obj; druga definicja została zignorowana
button.obj : warning LNK4006: element CLSID_Agent jest już zdefiniowany w elemencie applicationclass.obj; druga definicja została zignorowana
main.obj : warning LNK4006: element IID_IMesh jest już zdefiniowany w elemencie applicationclass.obj; druga definicja została zignorowana
main.obj : warning LNK4006: element IID_IRemote jest już zdefiniowany w elemencie applicationclass.obj; druga definicja została zignorowana
main.obj : warning LNK4006: element IID_IDummy jest już zdefiniowany w elemencie applicationclass.obj; druga definicja została zignorowana
main.obj : warning LNK4006: element LIBID_ComServerWP3Lib jest już zdefiniowany w elemencie applicationclass.obj; druga definicja została zignorowana
main.obj : warning LNK4006: element CLSID_Agent jest już zdefiniowany w elemencie applicationclass.obj; druga definicja została zignorowana
Systemclass.obj : warning LNK4006: element IID_IMesh jest już zdefiniowany w elemencie applicationclass.obj; druga definicja została zignorowana
Systemclass.obj : warning LNK4006: element IID_IRemote jest już zdefiniowany w elemencie applicationclass.obj; druga definicja została zignorowana
Systemclass.obj : warning LNK4006: element IID_IDummy jest już zdefiniowany w elemencie applicationclass.obj; druga definicja została zignorowana
Systemclass.obj : warning LNK4006: element LIBID_ComServerWP3Lib jest już zdefiniowany w elemencie applicationclass.obj; druga definicja została zignorowana
Systemclass.obj : warning LNK4006: element CLSID_Agent jest już zdefiniowany w elemencie applicationclass.obj; druga definicja została zignorowana
Systemclass.obj : warning LNK4006: element "struct tagCOPYDATASTRUCT * pMyCDS" (?pMyCDS@@3PEAUtagCOPYDATASTRUCT@@EA) jest już zdefiniowany w elemencie main.obj; druga definicja została zignorowana
terrainclass.obj : warning LNK4006: element IID_IMesh jest już zdefiniowany w elemencie applicationclass.obj; druga definicja została zignorowana
terrainclass.obj : warning LNK4006: element IID_IRemote jest już zdefiniowany w elemencie applicationclass.obj; druga definicja została zignorowana
terrainclass.obj : warning LNK4006: element IID_IDummy jest już zdefiniowany w elemencie applicationclass.obj; druga definicja została zignorowana
terrainclass.obj : warning LNK4006: element LIBID_ComServerWP3Lib jest już zdefiniowany w elemencie applicationclass.obj; druga definicja została zignorowana
terrainclass.obj : warning LNK4006: element CLSID_Agent jest już zdefiniowany w elemencie applicationclass.obj; druga definicja została zignorowana
C:\Users\User\Documents\Visual Studio 2015\Projects\Win32Project3\x64\Debug\Win32Project3.exe : warning LNK4088: obraz jest generowany ze względu na użycie opcji /FORCE; uruchomienie obrazu może nie być możliwe
  Win32Project3.vcxproj -> C:\Users\User\Documents\Visual Studio 2015\Projects\Win32Project3\x64\Debug\Win32Project3.exe
