c:\users\user\documents\visual studio 2015\projects\win32project3\win32project3\x64\debug\vc141.pdb
c:\users\user\documents\visual studio 2015\projects\win32project3\win32project3\x64\debug\vc141.idb
c:\users\user\documents\visual studio 2015\projects\win32project3\win32project3\x64\debug\multitextureshaderclass.obj
c:\users\user\documents\visual studio 2015\projects\win32project3\win32project3\x64\debug\monocolorshader.obj
c:\users\user\documents\visual studio 2015\projects\win32project3\win32project3\x64\debug\modellistclass.obj
c:\users\user\documents\visual studio 2015\projects\win32project3\win32project3\x64\debug\modelclass.obj
c:\users\user\documents\visual studio 2015\projects\win32project3\win32project3\x64\debug\main.obj
c:\users\user\documents\visual studio 2015\projects\win32project3\win32project3\x64\debug\inputclass.obj
c:\users\user\documents\visual studio 2015\projects\win32project3\win32project3\x64\debug\frustumclass.obj
c:\users\user\documents\visual studio 2015\projects\win32project3\win32project3\x64\debug\fpsclass.obj
c:\users\user\documents\visual studio 2015\projects\win32project3\win32project3\x64\debug\fontshaderclass.obj
c:\users\user\documents\visual studio 2015\projects\win32project3\win32project3\x64\debug\fontclass.obj
c:\users\user\documents\visual studio 2015\projects\win32project3\win32project3\x64\debug\debugwindowclass.obj
c:\users\user\documents\visual studio 2015\projects\win32project3\win32project3\x64\debug\d3dclass.obj
c:\users\user\documents\visual studio 2015\projects\win32project3\win32project3\x64\debug\cpuclass.obj
c:\users\user\documents\visual studio 2015\projects\win32project3\win32project3\x64\debug\colorshaderclass.obj
c:\users\user\documents\visual studio 2015\projects\win32project3\win32project3\x64\debug\button.obj
c:\users\user\documents\visual studio 2015\projects\win32project3\win32project3\x64\debug\cameraclass.obj
c:\users\user\documents\visual studio 2015\projects\win32project3\win32project3\x64\debug\bumpmapshaderclass.obj
c:\users\user\documents\visual studio 2015\projects\win32project3\win32project3\x64\debug\bitmapclass.obj
c:\users\user\documents\visual studio 2015\projects\win32project3\win32project3\x64\debug\axisrosette.obj
c:\users\user\documents\visual studio 2015\projects\win32project3\win32project3\x64\debug\applicationclass.obj
c:\users\user\documents\visual studio 2015\projects\win32project3\win32project3\x64\debug\vectorlineclass.obj
c:\users\user\documents\visual studio 2015\projects\win32project3\win32project3\x64\debug\triangleclass.obj
c:\users\user\documents\visual studio 2015\projects\win32project3\win32project3\x64\debug\timerclass.obj
c:\users\user\documents\visual studio 2015\projects\win32project3\win32project3\x64\debug\textureshaderclass.obj
c:\users\user\documents\visual studio 2015\projects\win32project3\win32project3\x64\debug\textureclass.obj
c:\users\user\documents\visual studio 2015\projects\win32project3\win32project3\x64\debug\texturearrayclass.obj
c:\users\user\documents\visual studio 2015\projects\win32project3\win32project3\x64\debug\textclass.obj
c:\users\user\documents\visual studio 2015\projects\win32project3\win32project3\x64\debug\terrainclass.obj
c:\users\user\documents\visual studio 2015\projects\win32project3\win32project3\x64\debug\systemclass.obj
c:\users\user\documents\visual studio 2015\projects\win32project3\win32project3\x64\debug\shapeclass.obj
c:\users\user\documents\visual studio 2015\projects\win32project3\win32project3\x64\debug\rendertextureclass.obj
c:\users\user\documents\visual studio 2015\projects\win32project3\win32project3\x64\debug\renderbitmapclass.obj
c:\users\user\documents\visual studio 2015\projects\win32project3\win32project3\x64\debug\rectangleclass.obj
c:\users\user\documents\visual studio 2015\projects\win32project3\win32project3\x64\debug\positionclass.obj
c:\users\user\documents\visual studio 2015\projects\win32project3\win32project3\x64\debug\vc140.pdb
c:\users\user\documents\visual studio 2015\projects\win32project3\win32project3\x64\debug\vc140.idb
c:\users\user\documents\visual studio 2015\projects\win32project3\win32project3\x64\debug\axle.obj
c:\users\user\documents\visual studio 2015\projects\win32project3\x64\debug\win32project3.exe
c:\users\user\documents\visual studio 2015\projects\win32project3\x64\debug\win32project3.pdb
c:\users\user\documents\visual studio 2015\projects\win32project3\win32project3\x64\debug\win32project3.tlog\cl.command.1.tlog
c:\users\user\documents\visual studio 2015\projects\win32project3\win32project3\x64\debug\win32project3.tlog\cl.read.1.tlog
c:\users\user\documents\visual studio 2015\projects\win32project3\win32project3\x64\debug\win32project3.tlog\cl.write.1.tlog
c:\users\user\documents\visual studio 2015\projects\win32project3\win32project3\x64\debug\win32project3.tlog\link.command.1.tlog
c:\users\user\documents\visual studio 2015\projects\win32project3\win32project3\x64\debug\win32project3.tlog\link.read.1.tlog
c:\users\user\documents\visual studio 2015\projects\win32project3\win32project3\x64\debug\win32project3.tlog\link.write.1.tlog
