  terrainclass.cpp
c:\program files (x86)\microsoft directx sdk (june 2010)\include\dxgitype.h(12): warning C4005: 'DXGI_STATUS_OCCLUDED': macro redefinition
  C:\Program Files (x86)\Windows Kits\8.1\Include\shared\winerror.h(50092): note: see previous definition of 'DXGI_STATUS_OCCLUDED'
c:\program files (x86)\microsoft directx sdk (june 2010)\include\dxgitype.h(13): warning C4005: 'DXGI_STATUS_CLIPPED': macro redefinition
  C:\Program Files (x86)\Windows Kits\8.1\Include\shared\winerror.h(50101): note: see previous definition of 'DXGI_STATUS_CLIPPED'
c:\program files (x86)\microsoft directx sdk (june 2010)\include\dxgitype.h(14): warning C4005: 'DXGI_STATUS_NO_REDIRECTION': macro redefinition
  C:\Program Files (x86)\Windows Kits\8.1\Include\shared\winerror.h(50110): note: see previous definition of 'DXGI_STATUS_NO_REDIRECTION'
c:\program files (x86)\microsoft directx sdk (june 2010)\include\dxgitype.h(15): warning C4005: 'DXGI_STATUS_NO_DESKTOP_ACCESS': macro redefinition
  C:\Program Files (x86)\Windows Kits\8.1\Include\shared\winerror.h(50119): note: see previous definition of 'DXGI_STATUS_NO_DESKTOP_ACCESS'
c:\program files (x86)\microsoft directx sdk (june 2010)\include\dxgitype.h(16): warning C4005: 'DXGI_STATUS_GRAPHICS_VIDPN_SOURCE_IN_USE': macro redefinition
  C:\Program Files (x86)\Windows Kits\8.1\Include\shared\winerror.h(50128): note: see previous definition of 'DXGI_STATUS_GRAPHICS_VIDPN_SOURCE_IN_USE'
c:\program files (x86)\microsoft directx sdk (june 2010)\include\dxgitype.h(17): warning C4005: 'DXGI_STATUS_MODE_CHANGED': macro redefinition
  C:\Program Files (x86)\Windows Kits\8.1\Include\shared\winerror.h(50137): note: see previous definition of 'DXGI_STATUS_MODE_CHANGED'
c:\program files (x86)\microsoft directx sdk (june 2010)\include\dxgitype.h(18): warning C4005: 'DXGI_STATUS_MODE_CHANGE_IN_PROGRESS': macro redefinition
  C:\Program Files (x86)\Windows Kits\8.1\Include\shared\winerror.h(50146): note: see previous definition of 'DXGI_STATUS_MODE_CHANGE_IN_PROGRESS'
c:\program files (x86)\microsoft directx sdk (june 2010)\include\dxgitype.h(21): warning C4005: 'DXGI_ERROR_INVALID_CALL': macro redefinition
  C:\Program Files (x86)\Windows Kits\8.1\Include\shared\winerror.h(50161): note: see previous definition of 'DXGI_ERROR_INVALID_CALL'
c:\program files (x86)\microsoft directx sdk (june 2010)\include\dxgitype.h(22): warning C4005: 'DXGI_ERROR_NOT_FOUND': macro redefinition
  C:\Program Files (x86)\Windows Kits\8.1\Include\shared\winerror.h(50170): note: see previous definition of 'DXGI_ERROR_NOT_FOUND'
c:\program files (x86)\microsoft directx sdk (june 2010)\include\dxgitype.h(23): warning C4005: 'DXGI_ERROR_MORE_DATA': macro redefinition
  C:\Program Files (x86)\Windows Kits\8.1\Include\shared\winerror.h(50179): note: see previous definition of 'DXGI_ERROR_MORE_DATA'
c:\program files (x86)\microsoft directx sdk (june 2010)\include\dxgitype.h(24): warning C4005: 'DXGI_ERROR_UNSUPPORTED': macro redefinition
  C:\Program Files (x86)\Windows Kits\8.1\Include\shared\winerror.h(50188): note: see previous definition of 'DXGI_ERROR_UNSUPPORTED'
c:\program files (x86)\microsoft directx sdk (june 2010)\include\dxgitype.h(25): warning C4005: 'DXGI_ERROR_DEVICE_REMOVED': macro redefinition
  C:\Program Files (x86)\Windows Kits\8.1\Include\shared\winerror.h(50197): note: see previous definition of 'DXGI_ERROR_DEVICE_REMOVED'
c:\program files (x86)\microsoft directx sdk (june 2010)\include\dxgitype.h(26): warning C4005: 'DXGI_ERROR_DEVICE_HUNG': macro redefinition
  C:\Program Files (x86)\Windows Kits\8.1\Include\shared\winerror.h(50206): note: see previous definition of 'DXGI_ERROR_DEVICE_HUNG'
c:\program files (x86)\microsoft directx sdk (june 2010)\include\dxgitype.h(27): warning C4005: 'DXGI_ERROR_DEVICE_RESET': macro redefinition
  C:\Program Files (x86)\Windows Kits\8.1\Include\shared\winerror.h(50216): note: see previous definition of 'DXGI_ERROR_DEVICE_RESET'
c:\program files (x86)\microsoft directx sdk (june 2010)\include\dxgitype.h(28): warning C4005: 'DXGI_ERROR_WAS_STILL_DRAWING': macro redefinition
  C:\Program Files (x86)\Windows Kits\8.1\Include\shared\winerror.h(50225): note: see previous definition of 'DXGI_ERROR_WAS_STILL_DRAWING'
c:\program files (x86)\microsoft directx sdk (june 2010)\include\dxgitype.h(29): warning C4005: 'DXGI_ERROR_FRAME_STATISTICS_DISJOINT': macro redefinition
  C:\Program Files (x86)\Windows Kits\8.1\Include\shared\winerror.h(50235): note: see previous definition of 'DXGI_ERROR_FRAME_STATISTICS_DISJOINT'
c:\program files (x86)\microsoft directx sdk (june 2010)\include\dxgitype.h(30): warning C4005: 'DXGI_ERROR_GRAPHICS_VIDPN_SOURCE_IN_USE': macro redefinition
  C:\Program Files (x86)\Windows Kits\8.1\Include\shared\winerror.h(50244): note: see previous definition of 'DXGI_ERROR_GRAPHICS_VIDPN_SOURCE_IN_USE'
c:\program files (x86)\microsoft directx sdk (june 2010)\include\dxgitype.h(31): warning C4005: 'DXGI_ERROR_DRIVER_INTERNAL_ERROR': macro redefinition
  C:\Program Files (x86)\Windows Kits\8.1\Include\shared\winerror.h(50254): note: see previous definition of 'DXGI_ERROR_DRIVER_INTERNAL_ERROR'
c:\program files (x86)\microsoft directx sdk (june 2010)\include\dxgitype.h(32): warning C4005: 'DXGI_ERROR_NONEXCLUSIVE': macro redefinition
  C:\Program Files (x86)\Windows Kits\8.1\Include\shared\winerror.h(50263): note: see previous definition of 'DXGI_ERROR_NONEXCLUSIVE'
c:\program files (x86)\microsoft directx sdk (june 2010)\include\dxgitype.h(33): warning C4005: 'DXGI_ERROR_NOT_CURRENTLY_AVAILABLE': macro redefinition
  C:\Program Files (x86)\Windows Kits\8.1\Include\shared\winerror.h(50272): note: see previous definition of 'DXGI_ERROR_NOT_CURRENTLY_AVAILABLE'
c:\program files (x86)\microsoft directx sdk (june 2010)\include\dxgitype.h(34): warning C4005: 'DXGI_ERROR_REMOTE_CLIENT_DISCONNECTED': macro redefinition
  C:\Program Files (x86)\Windows Kits\8.1\Include\shared\winerror.h(50282): note: see previous definition of 'DXGI_ERROR_REMOTE_CLIENT_DISCONNECTED'
c:\program files (x86)\microsoft directx sdk (june 2010)\include\dxgitype.h(35): warning C4005: 'DXGI_ERROR_REMOTE_OUTOFMEMORY': macro redefinition
  C:\Program Files (x86)\Windows Kits\8.1\Include\shared\winerror.h(50291): note: see previous definition of 'DXGI_ERROR_REMOTE_OUTOFMEMORY'
C:\Program Files (x86)\Microsoft DirectX SDK (June 2010)\Include\d3d11.h(917): warning C4005: 'D3D11_ERROR_TOO_MANY_UNIQUE_STATE_OBJECTS': macro redefinition
  C:\Program Files (x86)\Windows Kits\8.1\Include\shared\winerror.h(50469): note: see previous definition of 'D3D11_ERROR_TOO_MANY_UNIQUE_STATE_OBJECTS'
C:\Program Files (x86)\Microsoft DirectX SDK (June 2010)\Include\d3d11.h(918): warning C4005: 'D3D11_ERROR_FILE_NOT_FOUND': macro redefinition
  C:\Program Files (x86)\Windows Kits\8.1\Include\shared\winerror.h(50478): note: see previous definition of 'D3D11_ERROR_FILE_NOT_FOUND'
C:\Program Files (x86)\Microsoft DirectX SDK (June 2010)\Include\d3d11.h(919): warning C4005: 'D3D11_ERROR_TOO_MANY_UNIQUE_VIEW_OBJECTS': macro redefinition
  C:\Program Files (x86)\Windows Kits\8.1\Include\shared\winerror.h(50488): note: see previous definition of 'D3D11_ERROR_TOO_MANY_UNIQUE_VIEW_OBJECTS'
C:\Program Files (x86)\Microsoft DirectX SDK (June 2010)\Include\d3d11.h(920): warning C4005: 'D3D11_ERROR_DEFERRED_CONTEXT_MAP_WITHOUT_INITIAL_DISCARD': macro redefinition
  C:\Program Files (x86)\Windows Kits\8.1\Include\shared\winerror.h(50497): note: see previous definition of 'D3D11_ERROR_DEFERRED_CONTEXT_MAP_WITHOUT_INITIAL_DISCARD'
c:\program files (x86)\microsoft directx sdk (june 2010)\include\d3d10.h(608): warning C4005: 'D3D10_ERROR_TOO_MANY_UNIQUE_STATE_OBJECTS': macro redefinition
  C:\Program Files (x86)\Windows Kits\8.1\Include\shared\winerror.h(50445): note: see previous definition of 'D3D10_ERROR_TOO_MANY_UNIQUE_STATE_OBJECTS'
c:\program files (x86)\microsoft directx sdk (june 2010)\include\d3d10.h(609): warning C4005: 'D3D10_ERROR_FILE_NOT_FOUND': macro redefinition
  C:\Program Files (x86)\Windows Kits\8.1\Include\shared\winerror.h(50454): note: see previous definition of 'D3D10_ERROR_FILE_NOT_FOUND'
terrainclass.cpp(42): warning C4244: 'return': conversion from 'double' to 'float', possible loss of data
terrainclass.cpp(233): warning C4244: 'argument': conversion from 'double' to 'FLOAT', possible loss of data
terrainclass.cpp(365): warning C4101: 'height': unreferenced local variable
terrainclass.cpp(362): warning C4101: 'error': unreferenced local variable
terrainclass.cpp(364): warning C4101: 'imageSize': unreferenced local variable
terrainclass.cpp(363): warning C4101: 'count': unreferenced local variable
terrainclass.cpp(520): warning C4244: 'argument': conversion from 'double' to 'FLOAT', possible loss of data
terrainclass.cpp(523): warning C4244: 'argument': conversion from 'double' to 'FLOAT', possible loss of data
terrainclass.cpp(526): warning C4244: 'argument': conversion from 'double' to 'FLOAT', possible loss of data
terrainclass.cpp(529): warning C4244: 'argument': conversion from 'double' to 'FLOAT', possible loss of data
terrainclass.cpp(532): warning C4244: 'argument': conversion from 'double' to 'FLOAT', possible loss of data
terrainclass.cpp(535): warning C4244: 'argument': conversion from 'double' to 'FLOAT', possible loss of data
terrainclass.cpp(538): warning C4244: 'argument': conversion from 'double' to 'FLOAT', possible loss of data
terrainclass.cpp(553): warning C4244: 'argument': conversion from 'double' to 'FLOAT', possible loss of data
terrainclass.cpp(556): warning C4244: 'argument': conversion from 'double' to 'FLOAT', possible loss of data
terrainclass.cpp(559): warning C4244: 'argument': conversion from 'double' to 'FLOAT', possible loss of data
terrainclass.cpp(562): warning C4244: 'argument': conversion from 'double' to 'FLOAT', possible loss of data
terrainclass.cpp(565): warning C4244: 'argument': conversion from 'double' to 'FLOAT', possible loss of data
terrainclass.cpp(568): warning C4244: 'argument': conversion from 'double' to 'FLOAT', possible loss of data
terrainclass.cpp(571): warning C4244: 'argument': conversion from 'double' to 'FLOAT', possible loss of data
terrainclass.cpp(574): warning C4244: 'argument': conversion from 'double' to 'FLOAT', possible loss of data
terrainclass.cpp(583): warning C4244: 'argument': conversion from 'double' to 'FLOAT', possible loss of data
terrainclass.cpp(724): warning C4244: '=': conversion from 'double' to 'float', possible loss of data
buttonclass.obj : warning LNK4006: _CLSID_Agent already defined in applicationclass.obj; second definition ignored
buttonclass.obj : warning LNK4006: _IID_IDummy already defined in applicationclass.obj; second definition ignored
buttonclass.obj : warning LNK4006: _LIBID_ComServerWP3Lib already defined in applicationclass.obj; second definition ignored
buttonclass.obj : warning LNK4006: _IID_IMesh already defined in applicationclass.obj; second definition ignored
main.obj : warning LNK4006: _CLSID_Agent already defined in applicationclass.obj; second definition ignored
main.obj : warning LNK4006: _IID_IDummy already defined in applicationclass.obj; second definition ignored
main.obj : warning LNK4006: _LIBID_ComServerWP3Lib already defined in applicationclass.obj; second definition ignored
main.obj : warning LNK4006: _IID_IMesh already defined in applicationclass.obj; second definition ignored
Systemclass.obj : warning LNK4006: _CLSID_Agent already defined in applicationclass.obj; second definition ignored
Systemclass.obj : warning LNK4006: _IID_IDummy already defined in applicationclass.obj; second definition ignored
Systemclass.obj : warning LNK4006: _LIBID_ComServerWP3Lib already defined in applicationclass.obj; second definition ignored
Systemclass.obj : warning LNK4006: "struct tagCOPYDATASTRUCT * pMyCDS" (?pMyCDS@@3PAUtagCOPYDATASTRUCT@@A) already defined in main.obj; second definition ignored
Systemclass.obj : warning LNK4006: _IID_IMesh already defined in applicationclass.obj; second definition ignored
terrainclass.obj : warning LNK4006: _CLSID_Agent already defined in applicationclass.obj; second definition ignored
terrainclass.obj : warning LNK4006: _IID_IDummy already defined in applicationclass.obj; second definition ignored
terrainclass.obj : warning LNK4006: _LIBID_ComServerWP3Lib already defined in applicationclass.obj; second definition ignored
terrainclass.obj : warning LNK4006: _IID_IMesh already defined in applicationclass.obj; second definition ignored
C:\Users\User\Documents\Visual Studio 2015\Projects\Win32Project3\Release\Win32Project3.exe : warning LNK4088: image being generated due to /FORCE option; image may not run
  Generating code
  0 of 558 functions ( 0.0%) were compiled, the rest were copied from previous compilation.
    0 functions were new in current compilation
    38 functions had inline decision re-evaluated but remain unchanged
  Finished generating code
  Win32Project3.vcxproj -> C:\Users\User\Documents\Visual Studio 2015\Projects\Win32Project3\Release\Win32Project3.exe
  Win32Project3.vcxproj -> C:\Users\User\Documents\Visual Studio 2015\Projects\Win32Project3\Release\Win32Project3.pdb (Full PDB)
